2025-09-19T15:42:41.968Z info: Server running on port 5000
2025-09-19T15:43:30.979Z info: GET /
2025-09-19T15:43:31.111Z info: GET /favicon.ico
2025-09-19T15:44:15.719Z info: GET /health2025-09-23T16:50:00.594Z info: Server running on port 5000
2025-09-23T17:07:26.365Z info: GET /
2025-09-23T17:07:26.444Z info: GET /favicon.ico
2025-09-23T17:07:36.731Z info: GET /health
2025-09-23T17:09:17.555Z info: GET /favicon
2025-09-23T17:22:56.402Z info: Server running on port 5000
2025-09-23T17:30:50.473Z info: GET /
2025-09-23T17:30:50.509Z info: GET /health
2025-09-23T17:33:45.922Z info: GET /
2025-09-23T17:33:45.948Z info: GET /health
2025-09-23T17:34:38.080Z info: Server running on port 5000
2025-09-23T17:36:04.907Z info: Server running on port 5000
2025-09-23T17:36:25.154Z info: GET /
2025-09-23T17:36:25.173Z info: GET /health
2025-09-23T17:37:51.917Z info: GET /
2025-09-23T17:37:51.933Z info: GET /health
2025-09-23T17:40:45.966Z info: GET /
2025-09-23T17:40:45.987Z info: GET /health
2025-09-23T18:02:33.140Z info: Server running on port 5000
2025-09-23T18:02:49.267Z info: HEAD /
2025-09-23T18:11:19.404Z info: HEAD /
2025-09-23T18:13:19.299Z info: GET /health
2025-09-23T18:14:07.548Z info: GET /health
2025-09-23T18:17:21.232Z info: GET /
2025-09-23T18:17:21.243Z info: GET /health
2025-09-23T18:17:21.247Z info: GET /
